2015-02-26 14:44:38 Workerman[start.php] start
2015-02-26 16:02:05 Workerman[/var/www/edusoho-main/plugins/Todpole/TodpoleBundle/Controller/../workerman-todpole/start.php] start
2015-02-26 16:03:50 Workerman[/var/www/edusoho-main/plugins/Todpole/TodpoleBundle/Controller/../workerman-todpole/start.php] start
2015-02-26 16:19:29 Workerman[start.php] stop
2015-02-26 16:19:29 Workerman[start.php] not run
2015-02-26 16:19:29 Workerman[start.php] is stoping ...
2015-02-26 16:19:29 Workerman[start.php] stop success
2015-02-26 16:19:50 Workerman[start.php] stop
2015-02-26 16:19:50 Workerman[start.php] not run
2015-02-26 16:19:50 Workerman[start.php] is stoping ...
2015-02-26 16:19:50 Workerman[start.php] stop success
2015-02-26 16:19:51 Workerman[start.php] stop
2015-02-26 16:19:51 Workerman[start.php] not run
2015-02-26 16:19:51 Workerman[start.php] is stoping ...
2015-02-26 16:19:51 Workerman[start.php] stop success
2015-02-26 16:19:51 Workerman[start.php] stop
2015-02-26 16:19:51 Workerman[start.php] not run
2015-02-26 16:19:51 Workerman[start.php] is stoping ...
2015-02-26 16:19:51 Workerman[start.php] stop success
2015-02-26 16:20:31 Workerman[start.php] stopall
2015-02-26 16:20:31 Workerman[start.php] not run
2015-02-26 16:20:39 Workerman[start.php] status
2015-02-26 16:20:39 Workerman[start.php] not run
2015-02-26 16:20:48 Workerman[start.php] stop
2015-02-26 16:20:48 Workerman[start.php] not run
2015-02-26 16:20:48 Workerman[start.php] is stoping ...
2015-02-26 16:20:48 Workerman[start.php] stop success
2015-02-26 16:29:11 Workerman[/var/www/edusoho-main/plugins/Todpole/TodpoleBundle/Controller/../workerman-todpole/start.php] start
